Start testing: Jan 16 15:30 CST
----------------------------------------------------------
1/1 Testing: test_all
1/1 Test: test_all
Command: "/home/luc/atm/build/unit_tests"
Directory: /home/luc/atm/build
"test_all" start time: Jan 16 15:30 CST
Output:
----------------------------------------------------------
Running main() from gtest_main.cc
[==========] Running 2 tests from 1 test case.
[----------] Global test environment set-up.
[----------] 2 tests from MachineTest
[ RUN      ] MachineTest.machineInit
[       OK ] MachineTest.machineInit (0 ms)
[ RUN      ] MachineTest.machineUpdate
[       OK ] MachineTest.machineUpdate (0 ms)
[----------] 2 tests from MachineTest (0 ms total)

[----------] Global test environment tear-down
[==========] 2 tests from 1 test case ran. (0 ms total)
[  PASSED  ] 2 tests.
<end of output>
Test time =   0.00 sec
----------------------------------------------------------
Test Passed.
"test_all" end time: Jan 16 15:30 CST
"test_all" time elapsed: 00:00:00
----------------------------------------------------------

End testing: Jan 16 15:30 CST
